2025-05-15 22:11:07,657 INFO: E:\Campus Management System\campus_mgmt\middleware\user_action_logger.py changed, reloading.
2025-05-15 22:11:21,921 INFO: neha logged in
2025-05-15 22:13:01,568 WARNING: Not Found: /middleware/user_action_logger/
2025-05-15 22:13:14,804 INFO: neha logged in
2025-05-15 22:14:27,730 INFO: neha logged in
2025-05-15 22:14:51,173 WARNING: Not Found: /middleware/user_action_logger/
2025-05-15 22:14:55,128 WARNING: Not Found: /middleware/user_action_logger/
2025-05-15 22:19:17,277 INFO: neha logged in
2025-05-15 22:19:25,415 WARNING: Forbidden (CSRF token from POST incorrect.): /accounts/login/
2025-05-15 22:19:25,422 INFO: neha logged in
2025-05-15 22:19:31,429 INFO: neha logged in
2025-05-15 22:19:42,230 INFO: admin logged in
2025-05-15 22:20:19,590 INFO: admin enrolled in a course
2025-05-15 22:20:19,591 WARNING: Not Found: /accounts//courses/enroll/
2025-05-15 22:20:24,807 INFO: admin enrolled in a course
2025-05-15 22:20:24,808 WARNING: Not Found: /accounts/courses/enroll/
2025-05-15 22:20:40,677 INFO: admin enrolled in a course
2025-05-16 12:09:22,793 INFO: E:\Campus Management System\campus_mgmt\accounts\apps.py changed, reloading.
2025-05-16 12:09:28,712 INFO: E:\Campus Management System\campus_mgmt\accounts\signals.py changed, reloading.
2025-05-16 12:10:15,781 INFO: E:\Campus Management System\campus_mgmt\campus_mgmt\settings.py changed, reloading.
2025-05-16 12:14:34,305 INFO: E:\Campus Management System\campus_mgmt\submissions\views.py changed, reloading.
2025-05-16 12:21:51,584 INFO: E:\Campus Management System\campus_mgmt\accounts\views.py changed, reloading.
2025-05-16 12:26:03,020 INFO: admin logged in
2025-05-16 12:26:04,597 WARNING: Not Found: /favicon.ico
2025-05-16 12:32:05,694 INFO: admin logged in
2025-05-16 12:37:11,015 INFO: admin logged in
2025-05-16 12:37:27,405 INFO: neha logged in
2025-05-16 12:37:27,487 ERROR: Internal Server Error: /accounts/teacher_dashboard/
Traceback (most recent call last):
  File "E:\Campus Management System\campus_mgmt\env\Lib\site-packages\django\core\handlers\exception.py", line 55, in inner
    response = get_response(request)
  File "E:\Campus Management System\campus_mgmt\env\Lib\site-packages\django\core\handlers\base.py", line 204, in _get_response
    self.check_response(response, callback)
    ~~~~~~~~~~~~~~~~~~~^^^^^^^^^^^^^^^^^^^^
  File "E:\Campus Management System\campus_mgmt\env\Lib\site-packages\django\core\handlers\base.py", line 332, in check_response
    raise ValueError(
    ...<2 lines>...
    )
ValueError: The view accounts.views.dashboard_view didn't return an HttpResponse object. It returned None instead.
2025-05-16 12:37:41,369 WARNING: Forbidden (CSRF token from POST incorrect.): /accounts/login/
2025-05-16 12:37:41,374 INFO: neha logged in
2025-05-16 12:38:15,100 INFO: neha logged in
2025-05-16 12:38:19,658 INFO: neha logged in
2025-05-16 12:38:19,725 ERROR: Internal Server Error: /accounts/teacher_dashboard/
Traceback (most recent call last):
  File "E:\Campus Management System\campus_mgmt\env\Lib\site-packages\django\core\handlers\exception.py", line 55, in inner
    response = get_response(request)
  File "E:\Campus Management System\campus_mgmt\env\Lib\site-packages\django\core\handlers\base.py", line 204, in _get_response
    self.check_response(response, callback)
    ~~~~~~~~~~~~~~~~~~~^^^^^^^^^^^^^^^^^^^^
  File "E:\Campus Management System\campus_mgmt\env\Lib\site-packages\django\core\handlers\base.py", line 332, in check_response
    raise ValueError(
    ...<2 lines>...
    )
ValueError: The view accounts.views.dashboard_view didn't return an HttpResponse object. It returned None instead.
2025-05-16 12:45:20,040 INFO: E:\Campus Management System\campus_mgmt\accounts\views.py changed, reloading.
2025-05-16 12:45:42,436 INFO: neha logged in
2025-05-16 12:45:56,659 INFO: admin logged in
2025-05-16 12:54:40,595 INFO: admin logged in
2025-05-16 12:55:05,611 INFO: Purva logged in
2025-05-16 12:57:50,425 INFO: Purva logged in
2025-05-16 12:57:55,560 INFO: Purva logged in
2025-05-16 12:58:46,533 INFO: admin logged in
2025-05-16 13:14:14,909 INFO: E:\Campus Management System\campus_mgmt\courses\views.py changed, reloading.
2025-05-16 13:30:12,223 INFO: E:\Campus Management System\campus_mgmt\campus_mgmt\settings.py changed, reloading.
2025-05-16 13:31:41,684 INFO: E:\Campus Management System\campus_mgmt\campus_mgmt\urls.py changed, reloading.
2025-05-16 13:44:54,396 WARNING: Not Found: /accounts/dashboard/
2025-05-16 13:45:56,037 WARNING: Not Found: /accounts/dashboard/
2025-05-16 13:57:34,817 WARNING: Not Found: /accounts/admin_dashboard/
2025-05-16 13:59:23,832 INFO: E:\Campus Management System\campus_mgmt\accounts\urls.py changed, reloading.
2025-05-16 14:04:50,524 WARNING: Not Found: /media/submissions/
2025-05-16 14:07:12,557 WARNING: Not Found: /media/submissions/DAA.docs
2025-05-16 14:07:21,880 WARNING: Not Found: /media/submissions/DAA.docs/
2025-05-16 14:08:22,996 WARNING: Not Found: /media/submissions/DAA.docs
2025-05-16 14:08:26,505 WARNING: Not Found: /media/submissions/DAA.docs/
2025-05-16 14:09:14,451 INFO: admin logged in
2025-05-16 14:09:27,739 WARNING: Not Found: /media/submissions/
2025-05-16 14:09:45,081 INFO: admin logged in
2025-05-16 14:18:06,887 INFO: admin logged in
2025-05-16 14:21:19,061 WARNING: Unauthorized: /api/courses/
2025-05-16 14:21:37,680 WARNING: Unauthorized: /api/enrollments/
2025-05-16 14:24:53,834 WARNING: Method Not Allowed: /api/token/
2025-05-16 19:47:56,431 INFO: admin logged in
2025-05-16 19:48:17,997 WARNING: Unauthorized: /api/courses/
2025-05-16 19:49:45,368 WARNING: Not Found: /app/tests/test_models.py
2025-05-16 19:49:52,685 INFO: admin logged in
2025-05-16 19:50:06,483 WARNING: Not Found: /app/tests/test_models.py
2025-05-16 20:07:49,110 INFO: student1 logged in
2025-05-16 20:08:00,085 INFO: student1 logged in
2025-05-16 20:10:29,167 INFO: student1 logged in
2025-05-16 20:16:09,614 INFO: student1 logged in
2025-05-16 20:17:28,373 INFO: admin logged in
2025-05-16 20:23:47,663 INFO: E:\Campus Management System\campus_mgmt\courses\views.py changed, reloading.
2025-05-16 20:24:18,884 INFO: E:\Campus Management System\campus_mgmt\courses\urls.py changed, reloading.
2025-05-16 20:40:34,072 INFO: E:\Campus Management System\campus_mgmt\submissions\views.py changed, reloading.
2025-05-16 20:40:54,081 INFO: E:\Campus Management System\campus_mgmt\submissions\views.py changed, reloading.
2025-05-16 20:41:36,843 INFO: E:\Campus Management System\campus_mgmt\submissions\urls.py changed, reloading.
2025-05-16 21:31:32,956 ERROR: Internal Server Error: /courses/
Traceback (most recent call last):
  File "E:\Campus Management System\campus_mgmt\env\Lib\site-packages\django\core\handlers\exception.py", line 55, in inner
    response = get_response(request)
  File "E:\Campus Management System\campus_mgmt\env\Lib\site-packages\django\core\handlers\base.py", line 197, in _get_response
    response = wrapped_callback(request, *callback_args, **callback_kwargs)
  File "E:\Campus Management System\campus_mgmt\env\Lib\site-packages\django\views\generic\base.py", line 104, in view
    return self.dispatch(request, *args, **kwargs)
           ~~~~~~~~~~~~~^^^^^^^^^^^^^^^^^^^^^^^^^^
  File "E:\Campus Management System\campus_mgmt\env\Lib\site-packages\django\views\generic\base.py", line 143, in dispatch
    return handler(request, *args, **kwargs)
  File "E:\Campus Management System\campus_mgmt\env\Lib\site-packages\django\views\generic\list.py", line 158, in get
    self.object_list = self.get_queryset()
                       ~~~~~~~~~~~~~~~~~^^
  File "E:\Campus Management System\campus_mgmt\courses\views.py", line 75, in get_queryset
    queryset = queryset.filter(
        Q(title__icontains=query) | Q(description__icontains=query)
    )
  File "E:\Campus Management System\campus_mgmt\env\Lib\site-packages\django\db\models\query.py", line 1491, in filter
    return self._filter_or_exclude(False, args, kwargs)
           ~~~~~~~~~~~~~~~~~~~~~~~^^^^^^^^^^^^^^^^^^^^^
  File "E:\Campus Management System\campus_mgmt\env\Lib\site-packages\django\db\models\query.py", line 1509, in _filter_or_exclude
    clone._filter_or_exclude_inplace(negate, args, kwargs)
    ~~~~~~~~~~~~~~~~~~~~~~~~~~~~~~~~^^^^^^^^^^^^^^^^^^^^^^
  File "E:\Campus Management System\campus_mgmt\env\Lib\site-packages\django\db\models\query.py", line 1516, in _filter_or_exclude_inplace
    self._query.add_q(Q(*args, **kwargs))
    ~~~~~~~~~~~~~~~~~^^^^^^^^^^^^^^^^^^^^
  File "E:\Campus Management System\campus_mgmt\env\Lib\site-packages\django\db\models\sql\query.py", line 1643, in add_q
    clause, _ = self._add_q(q_object, can_reuse)
                ~~~~~~~~~~~^^^^^^^^^^^^^^^^^^^^^
  File "E:\Campus Management System\campus_mgmt\env\Lib\site-packages\django\db\models\sql\query.py", line 1675, in _add_q
    child_clause, needed_inner = self.build_filter(
                                 ~~~~~~~~~~~~~~~~~^
        child,
        ^^^^^^
    ...<7 lines>...
        update_join_types=update_join_types,
        ^^^^^^^^^^^^^^^^^^^^^^^^^^^^^^^^^^^^
    )
    ^
  File "E:\Campus Management System\campus_mgmt\env\Lib\site-packages\django\db\models\sql\query.py", line 1500, in build_filter
    return self._add_q(
           ~~~~~~~~~~~^
        filter_expr,
        ^^^^^^^^^^^^
    ...<7 lines>...
        update_join_types=update_join_types,
        ^^^^^^^^^^^^^^^^^^^^^^^^^^^^^^^^^^^^
    )
    ^
  File "E:\Campus Management System\campus_mgmt\env\Lib\site-packages\django\db\models\sql\query.py", line 1675, in _add_q
    child_clause, needed_inner = self.build_filter(
                                 ~~~~~~~~~~~~~~~~~^
        child,
        ^^^^^^
    ...<7 lines>...
        update_join_types=update_join_types,
        ^^^^^^^^^^^^^^^^^^^^^^^^^^^^^^^^^^^^
    )
    ^
  File "E:\Campus Management System\campus_mgmt\env\Lib\site-packages\django\db\models\sql\query.py", line 1523, in build_filter
    lookups, parts, reffed_expression = self.solve_lookup_type(arg, summarize)
                                        ~~~~~~~~~~~~~~~~~~~~~~^^^^^^^^^^^^^^^^
  File "E:\Campus Management System\campus_mgmt\env\Lib\site-packages\django\db\models\sql\query.py", line 1330, in solve_lookup_type
    _, field, _, lookup_parts = self.names_to_path(lookup_splitted, self.get_meta())
                                ~~~~~~~~~~~~~~~~~~^^^^^^^^^^^^^^^^^^^^^^^^^^^^^^^^^^
  File "E:\Campus Management System\campus_mgmt\env\Lib\site-packages\django\db\models\sql\query.py", line 1802, in names_to_path
    raise FieldError(
    ...<2 lines>...
    )
django.core.exceptions.FieldError: Cannot resolve keyword 'title' into field. Choices are: assignment, created_at, description, enrollment, id, name, result, teacher, teacher_id
2025-05-16 21:31:44,701 ERROR: Internal Server Error: /courses/
Traceback (most recent call last):
  File "E:\Campus Management System\campus_mgmt\env\Lib\site-packages\django\core\handlers\exception.py", line 55, in inner
    response = get_response(request)
  File "E:\Campus Management System\campus_mgmt\env\Lib\site-packages\django\core\handlers\base.py", line 197, in _get_response
    response = wrapped_callback(request, *callback_args, **callback_kwargs)
  File "E:\Campus Management System\campus_mgmt\env\Lib\site-packages\django\views\generic\base.py", line 104, in view
    return self.dispatch(request, *args, **kwargs)
           ~~~~~~~~~~~~~^^^^^^^^^^^^^^^^^^^^^^^^^^
  File "E:\Campus Management System\campus_mgmt\env\Lib\site-packages\django\views\generic\base.py", line 143, in dispatch
    return handler(request, *args, **kwargs)
  File "E:\Campus Management System\campus_mgmt\env\Lib\site-packages\django\views\generic\list.py", line 158, in get
    self.object_list = self.get_queryset()
                       ~~~~~~~~~~~~~~~~~^^
  File "E:\Campus Management System\campus_mgmt\courses\views.py", line 75, in get_queryset
    queryset = queryset.filter(
        Q(title__icontains=query) | Q(description__icontains=query)
    )
  File "E:\Campus Management System\campus_mgmt\env\Lib\site-packages\django\db\models\query.py", line 1491, in filter
    return self._filter_or_exclude(False, args, kwargs)
           ~~~~~~~~~~~~~~~~~~~~~~~^^^^^^^^^^^^^^^^^^^^^
  File "E:\Campus Management System\campus_mgmt\env\Lib\site-packages\django\db\models\query.py", line 1509, in _filter_or_exclude
    clone._filter_or_exclude_inplace(negate, args, kwargs)
    ~~~~~~~~~~~~~~~~~~~~~~~~~~~~~~~~^^^^^^^^^^^^^^^^^^^^^^
  File "E:\Campus Management System\campus_mgmt\env\Lib\site-packages\django\db\models\query.py", line 1516, in _filter_or_exclude_inplace
    self._query.add_q(Q(*args, **kwargs))
    ~~~~~~~~~~~~~~~~~^^^^^^^^^^^^^^^^^^^^
  File "E:\Campus Management System\campus_mgmt\env\Lib\site-packages\django\db\models\sql\query.py", line 1643, in add_q
    clause, _ = self._add_q(q_object, can_reuse)
                ~~~~~~~~~~~^^^^^^^^^^^^^^^^^^^^^
  File "E:\Campus Management System\campus_mgmt\env\Lib\site-packages\django\db\models\sql\query.py", line 1675, in _add_q
    child_clause, needed_inner = self.build_filter(
                                 ~~~~~~~~~~~~~~~~~^
        child,
        ^^^^^^
    ...<7 lines>...
        update_join_types=update_join_types,
        ^^^^^^^^^^^^^^^^^^^^^^^^^^^^^^^^^^^^
    )
    ^
  File "E:\Campus Management System\campus_mgmt\env\Lib\site-packages\django\db\models\sql\query.py", line 1500, in build_filter
    return self._add_q(
           ~~~~~~~~~~~^
        filter_expr,
        ^^^^^^^^^^^^
    ...<7 lines>...
        update_join_types=update_join_types,
        ^^^^^^^^^^^^^^^^^^^^^^^^^^^^^^^^^^^^
    )
    ^
  File "E:\Campus Management System\campus_mgmt\env\Lib\site-packages\django\db\models\sql\query.py", line 1675, in _add_q
    child_clause, needed_inner = self.build_filter(
                                 ~~~~~~~~~~~~~~~~~^
        child,
        ^^^^^^
    ...<7 lines>...
        update_join_types=update_join_types,
        ^^^^^^^^^^^^^^^^^^^^^^^^^^^^^^^^^^^^
    )
    ^
  File "E:\Campus Management System\campus_mgmt\env\Lib\site-packages\django\db\models\sql\query.py", line 1523, in build_filter
    lookups, parts, reffed_expression = self.solve_lookup_type(arg, summarize)
                                        ~~~~~~~~~~~~~~~~~~~~~~^^^^^^^^^^^^^^^^
  File "E:\Campus Management System\campus_mgmt\env\Lib\site-packages\django\db\models\sql\query.py", line 1330, in solve_lookup_type
    _, field, _, lookup_parts = self.names_to_path(lookup_splitted, self.get_meta())
                                ~~~~~~~~~~~~~~~~~~^^^^^^^^^^^^^^^^^^^^^^^^^^^^^^^^^^
  File "E:\Campus Management System\campus_mgmt\env\Lib\site-packages\django\db\models\sql\query.py", line 1802, in names_to_path
    raise FieldError(
    ...<2 lines>...
    )
django.core.exceptions.FieldError: Cannot resolve keyword 'title' into field. Choices are: assignment, created_at, description, enrollment, id, name, result, teacher, teacher_id
2025-05-16 21:31:52,769 INFO: admin enrolled in a course
2025-05-16 21:32:10,688 ERROR: Internal Server Error: /courses/
Traceback (most recent call last):
  File "E:\Campus Management System\campus_mgmt\env\Lib\site-packages\django\core\handlers\exception.py", line 55, in inner
    response = get_response(request)
  File "E:\Campus Management System\campus_mgmt\env\Lib\site-packages\django\core\handlers\base.py", line 197, in _get_response
    response = wrapped_callback(request, *callback_args, **callback_kwargs)
  File "E:\Campus Management System\campus_mgmt\env\Lib\site-packages\django\views\generic\base.py", line 104, in view
    return self.dispatch(request, *args, **kwargs)
           ~~~~~~~~~~~~~^^^^^^^^^^^^^^^^^^^^^^^^^^
  File "E:\Campus Management System\campus_mgmt\env\Lib\site-packages\django\views\generic\base.py", line 143, in dispatch
    return handler(request, *args, **kwargs)
  File "E:\Campus Management System\campus_mgmt\env\Lib\site-packages\django\views\generic\list.py", line 158, in get
    self.object_list = self.get_queryset()
                       ~~~~~~~~~~~~~~~~~^^
  File "E:\Campus Management System\campus_mgmt\courses\views.py", line 75, in get_queryset
    queryset = queryset.filter(
        Q(title__icontains=query) | Q(description__icontains=query)
    )
  File "E:\Campus Management System\campus_mgmt\env\Lib\site-packages\django\db\models\query.py", line 1491, in filter
    return self._filter_or_exclude(False, args, kwargs)
           ~~~~~~~~~~~~~~~~~~~~~~~^^^^^^^^^^^^^^^^^^^^^
  File "E:\Campus Management System\campus_mgmt\env\Lib\site-packages\django\db\models\query.py", line 1509, in _filter_or_exclude
    clone._filter_or_exclude_inplace(negate, args, kwargs)
    ~~~~~~~~~~~~~~~~~~~~~~~~~~~~~~~~^^^^^^^^^^^^^^^^^^^^^^
  File "E:\Campus Management System\campus_mgmt\env\Lib\site-packages\django\db\models\query.py", line 1516, in _filter_or_exclude_inplace
    self._query.add_q(Q(*args, **kwargs))
    ~~~~~~~~~~~~~~~~~^^^^^^^^^^^^^^^^^^^^
  File "E:\Campus Management System\campus_mgmt\env\Lib\site-packages\django\db\models\sql\query.py", line 1643, in add_q
    clause, _ = self._add_q(q_object, can_reuse)
                ~~~~~~~~~~~^^^^^^^^^^^^^^^^^^^^^
  File "E:\Campus Management System\campus_mgmt\env\Lib\site-packages\django\db\models\sql\query.py", line 1675, in _add_q
    child_clause, needed_inner = self.build_filter(
                                 ~~~~~~~~~~~~~~~~~^
        child,
        ^^^^^^
    ...<7 lines>...
        update_join_types=update_join_types,
        ^^^^^^^^^^^^^^^^^^^^^^^^^^^^^^^^^^^^
    )
    ^
  File "E:\Campus Management System\campus_mgmt\env\Lib\site-packages\django\db\models\sql\query.py", line 1500, in build_filter
    return self._add_q(
           ~~~~~~~~~~~^
        filter_expr,
        ^^^^^^^^^^^^
    ...<7 lines>...
        update_join_types=update_join_types,
        ^^^^^^^^^^^^^^^^^^^^^^^^^^^^^^^^^^^^
    )
    ^
  File "E:\Campus Management System\campus_mgmt\env\Lib\site-packages\django\db\models\sql\query.py", line 1675, in _add_q
    child_clause, needed_inner = self.build_filter(
                                 ~~~~~~~~~~~~~~~~~^
        child,
        ^^^^^^
    ...<7 lines>...
        update_join_types=update_join_types,
        ^^^^^^^^^^^^^^^^^^^^^^^^^^^^^^^^^^^^
    )
    ^
  File "E:\Campus Management System\campus_mgmt\env\Lib\site-packages\django\db\models\sql\query.py", line 1523, in build_filter
    lookups, parts, reffed_expression = self.solve_lookup_type(arg, summarize)
                                        ~~~~~~~~~~~~~~~~~~~~~~^^^^^^^^^^^^^^^^
  File "E:\Campus Management System\campus_mgmt\env\Lib\site-packages\django\db\models\sql\query.py", line 1330, in solve_lookup_type
    _, field, _, lookup_parts = self.names_to_path(lookup_splitted, self.get_meta())
                                ~~~~~~~~~~~~~~~~~~^^^^^^^^^^^^^^^^^^^^^^^^^^^^^^^^^^
  File "E:\Campus Management System\campus_mgmt\env\Lib\site-packages\django\db\models\sql\query.py", line 1802, in names_to_path
    raise FieldError(
    ...<2 lines>...
    )
django.core.exceptions.FieldError: Cannot resolve keyword 'title' into field. Choices are: assignment, created_at, description, enrollment, id, name, result, teacher, teacher_id
2025-05-16 21:37:02,411 INFO: E:\Campus Management System\campus_mgmt\courses\views.py changed, reloading.
2025-05-16 21:37:49,630 INFO: E:\Campus Management System\campus_mgmt\courses\views.py changed, reloading.
2025-05-16 21:39:51,658 INFO: admin submitted an assignment
2025-05-16 21:40:06,827 ERROR: Internal Server Error: /submissions/upload/
Traceback (most recent call last):
  File "E:\Campus Management System\campus_mgmt\env\Lib\site-packages\django\core\handlers\exception.py", line 55, in inner
    response = get_response(request)
  File "E:\Campus Management System\campus_mgmt\env\Lib\site-packages\django\core\handlers\base.py", line 197, in _get_response
    response = wrapped_callback(request, *callback_args, **callback_kwargs)
  File "E:\Campus Management System\campus_mgmt\env\Lib\site-packages\django\contrib\auth\decorators.py", line 59, in _view_wrapper
    return view_func(request, *args, **kwargs)
  File "E:\Campus Management System\campus_mgmt\submissions\views.py", line 19, in assignment_upload
    return redirect('my-submissions')
  File "E:\Campus Management System\campus_mgmt\env\Lib\site-packages\django\shortcuts.py", line 51, in redirect
    resolve_url(to, *args, **kwargs),
    ~~~~~~~~~~~^^^^^^^^^^^^^^^^^^^^^
  File "E:\Campus Management System\campus_mgmt\env\Lib\site-packages\django\shortcuts.py", line 184, in resolve_url
    return reverse(to, args=args, kwargs=kwargs)
  File "E:\Campus Management System\campus_mgmt\env\Lib\site-packages\django\urls\base.py", line 98, in reverse
    resolved_url = resolver._reverse_with_prefix(view, prefix, *args, **kwargs)
  File "E:\Campus Management System\campus_mgmt\env\Lib\site-packages\django\urls\resolvers.py", line 831, in _reverse_with_prefix
    raise NoReverseMatch(msg)
django.urls.exceptions.NoReverseMatch: Reverse for 'my-submissions' not found. 'my-submissions' is not a valid view function or pattern name.
2025-05-16 21:40:07,011 INFO: admin submitted an assignment
2025-05-16 21:40:50,021 ERROR: Internal Server Error: /submissions/upload/
Traceback (most recent call last):
  File "E:\Campus Management System\campus_mgmt\env\Lib\site-packages\django\core\handlers\exception.py", line 55, in inner
    response = get_response(request)
  File "E:\Campus Management System\campus_mgmt\env\Lib\site-packages\django\core\handlers\base.py", line 197, in _get_response
    response = wrapped_callback(request, *callback_args, **callback_kwargs)
  File "E:\Campus Management System\campus_mgmt\env\Lib\site-packages\django\contrib\auth\decorators.py", line 59, in _view_wrapper
    return view_func(request, *args, **kwargs)
  File "E:\Campus Management System\campus_mgmt\submissions\views.py", line 19, in assignment_upload
    return redirect('my-submissions')
  File "E:\Campus Management System\campus_mgmt\env\Lib\site-packages\django\shortcuts.py", line 51, in redirect
    resolve_url(to, *args, **kwargs),
    ~~~~~~~~~~~^^^^^^^^^^^^^^^^^^^^^
  File "E:\Campus Management System\campus_mgmt\env\Lib\site-packages\django\shortcuts.py", line 184, in resolve_url
    return reverse(to, args=args, kwargs=kwargs)
  File "E:\Campus Management System\campus_mgmt\env\Lib\site-packages\django\urls\base.py", line 98, in reverse
    resolved_url = resolver._reverse_with_prefix(view, prefix, *args, **kwargs)
  File "E:\Campus Management System\campus_mgmt\env\Lib\site-packages\django\urls\resolvers.py", line 831, in _reverse_with_prefix
    raise NoReverseMatch(msg)
django.urls.exceptions.NoReverseMatch: Reverse for 'my-submissions' not found. 'my-submissions' is not a valid view function or pattern name.
2025-05-16 21:40:50,031 INFO: admin submitted an assignment
2025-05-16 21:53:10,730 INFO: E:\Campus Management System\campus_mgmt\submissions\views.py changed, reloading.
2025-05-16 21:53:33,256 INFO: E:\Campus Management System\campus_mgmt\submissions\urls.py changed, reloading.
2025-05-16 21:54:34,885 INFO: admin submitted an assignment
2025-05-16 21:59:53,010 INFO: E:\Campus Management System\campus_mgmt\submissions\models.py changed, reloading.
2025-05-17 20:40:51,002 INFO: admin logged in
2025-05-17 20:40:51,902 WARNING: Not Found: /favicon.ico
2025-05-17 20:45:19,554 WARNING: Not Found: /.well-known/appspecific/com.chrome.devtools.json
2025-05-17 20:51:23,197 INFO: admin logged in
2025-05-17 20:51:23,543 WARNING: Not Found: /.well-known/appspecific/com.chrome.devtools.json
2025-05-17 20:52:49,478 INFO: Purva logged in
2025-05-17 20:53:07,530 INFO: admin logged in
2025-05-17 20:53:23,454 INFO: neha logged in
2025-05-17 20:54:00,022 INFO: admin logged in
